CRITICAL - 2025-10-22 20:47:09 --> Error: Call to a member function where() on null
[Method: POST, Route: ascotinventory/api/v1/auth/login]
in APPPATH\Controllers\Auth.php on line 70.
 1 SYSTEMPATH\CodeIgniter.php(933): App\Controllers\Auth->login()
 2 SYSTEMPATH\CodeIgniter.php(507): CodeIgniter\CodeIgniter->runController(Object(App\Controllers\Auth))
 3 SYSTEMPATH\CodeIgniter.php(354): CodeIgniter\CodeIgniter->handleRequest(null, Object(Config\Cache), false)
 4 SYSTEMPATH\Boot.php(363): CodeIgniter\CodeIgniter->run()
 5 SYSTEMPATH\Boot.php(68): CodeIgniter\Boot::runCodeIgniter(Object(CodeIgniter\CodeIgniter))
 6 FCPATH\index.php(59): CodeIgniter\Boot::bootWeb(Object(Config\Paths))
 7 SYSTEMPATH\rewrite.php(44): require_once('C:\\laragon\\www\\Thesis\\2025\\ascot-inventory\\backend\\public\\index.php')
CRITICAL - 2025-10-22 20:48:45 --> Error: Call to a member function where() on null
[Method: POST, Route: ascotinventory/api/v1/auth/login]
in APPPATH\Controllers\Auth.php on line 63.
 1 SYSTEMPATH\CodeIgniter.php(933): App\Controllers\Auth->login()
 2 SYSTEMPATH\CodeIgniter.php(507): CodeIgniter\CodeIgniter->runController(Object(App\Controllers\Auth))
 3 SYSTEMPATH\CodeIgniter.php(354): CodeIgniter\CodeIgniter->handleRequest(null, Object(Config\Cache), false)
 4 SYSTEMPATH\Boot.php(363): CodeIgniter\CodeIgniter->run()
 5 SYSTEMPATH\Boot.php(68): CodeIgniter\Boot::runCodeIgniter(Object(CodeIgniter\CodeIgniter))
 6 FCPATH\index.php(59): CodeIgniter\Boot::bootWeb(Object(Config\Paths))
 7 SYSTEMPATH\rewrite.php(44): require_once('C:\\laragon\\www\\Thesis\\2025\\ascot-inventory\\backend\\public\\index.php')
CRITICAL - 2025-10-22 22:10:13 --> ErrorException: Undefined property: stdClass::$userId
[Method: POST, Route: ascotinventory/api/v1/misc/database/backup]
in APPPATH\Controllers\BackupController.php on line 25.
 1 APPPATH\Controllers\BackupController.php(25): CodeIgniter\Debug\Exceptions->errorHandler(2, 'Undefined property: stdClass::$userId', 'C:\\laragon\\www\\Thesis\\2025\\ascot-inventory\\backend\\app\\Controllers\\BackupController.php', 25)
 2 SYSTEMPATH\CodeIgniter.php(933): App\Controllers\BackupController->backupDatabase()
 3 SYSTEMPATH\CodeIgniter.php(507): CodeIgniter\CodeIgniter->runController(Object(App\Controllers\BackupController))
 4 SYSTEMPATH\CodeIgniter.php(354): CodeIgniter\CodeIgniter->handleRequest(null, Object(Config\Cache), false)
 5 SYSTEMPATH\Boot.php(363): CodeIgniter\CodeIgniter->run()
 6 SYSTEMPATH\Boot.php(68): CodeIgniter\Boot::runCodeIgniter(Object(CodeIgniter\CodeIgniter))
 7 FCPATH\index.php(72): CodeIgniter\Boot::bootWeb(Object(Config\Paths))
 8 SYSTEMPATH\rewrite.php(44): require_once('C:\\laragon\\www\\Thesis\\2025\\ascot-inventory\\backend\\public\\index.php')
CRITICAL - 2025-10-22 22:10:21 --> ErrorException: Undefined property: stdClass::$userId
[Method: POST, Route: ascotinventory/api/v1/misc/database/backup]
in APPPATH\Controllers\BackupController.php on line 25.
 1 APPPATH\Controllers\BackupController.php(25): CodeIgniter\Debug\Exceptions->errorHandler(2, 'Undefined property: stdClass::$userId', 'C:\\laragon\\www\\Thesis\\2025\\ascot-inventory\\backend\\app\\Controllers\\BackupController.php', 25)
 2 SYSTEMPATH\CodeIgniter.php(933): App\Controllers\BackupController->backupDatabase()
 3 SYSTEMPATH\CodeIgniter.php(507): CodeIgniter\CodeIgniter->runController(Object(App\Controllers\BackupController))
 4 SYSTEMPATH\CodeIgniter.php(354): CodeIgniter\CodeIgniter->handleRequest(null, Object(Config\Cache), false)
 5 SYSTEMPATH\Boot.php(363): CodeIgniter\CodeIgniter->run()
 6 SYSTEMPATH\Boot.php(68): CodeIgniter\Boot::runCodeIgniter(Object(CodeIgniter\CodeIgniter))
 7 FCPATH\index.php(72): CodeIgniter\Boot::bootWeb(Object(Config\Paths))
 8 SYSTEMPATH\rewrite.php(44): require_once('C:\\laragon\\www\\Thesis\\2025\\ascot-inventory\\backend\\public\\index.php')
CRITICAL - 2025-10-22 22:13:47 --> CodeIgniter\Database\Exceptions\DatabaseException: Unsupported feature of the database platform you are using.
[Method: POST, Route: ascotinventory/api/v1/misc/database/backup]
in SYSTEMPATH\Database\MySQLi\Utils.php on line 45.
 1 SYSTEMPATH\Database\BaseUtils.php(315): CodeIgniter\Database\MySQLi\Utils->_backup([...])
 2 APPPATH\Controllers\BackupController.php(43): CodeIgniter\Database\BaseUtils->backup([...])
 3 SYSTEMPATH\CodeIgniter.php(933): App\Controllers\BackupController->backupDatabase()
 4 SYSTEMPATH\CodeIgniter.php(507): CodeIgniter\CodeIgniter->runController(Object(App\Controllers\BackupController))
 5 SYSTEMPATH\CodeIgniter.php(354): CodeIgniter\CodeIgniter->handleRequest(null, Object(Config\Cache), false)
 6 SYSTEMPATH\Boot.php(363): CodeIgniter\CodeIgniter->run()
 7 SYSTEMPATH\Boot.php(68): CodeIgniter\Boot::runCodeIgniter(Object(CodeIgniter\CodeIgniter))
 8 FCPATH\index.php(72): CodeIgniter\Boot::bootWeb(Object(Config\Paths))
 9 SYSTEMPATH\rewrite.php(44): require_once('C:\\laragon\\www\\Thesis\\2025\\ascot-inventory\\backend\\public\\index.php')
CRITICAL - 2025-10-22 22:17:13 --> CodeIgniter\Database\Exceptions\DatabaseException: Unsupported feature of the database platform you are using.
[Method: POST, Route: ascotinventory/api/v1/misc/database/backup]
in SYSTEMPATH\Database\MySQLi\Utils.php on line 45.
 1 SYSTEMPATH\Database\BaseUtils.php(315): CodeIgniter\Database\MySQLi\Utils->_backup([...])
 2 APPPATH\Controllers\BackupController.php(43): CodeIgniter\Database\BaseUtils->backup([...])
 3 SYSTEMPATH\CodeIgniter.php(933): App\Controllers\BackupController->backupDatabase()
 4 SYSTEMPATH\CodeIgniter.php(507): CodeIgniter\CodeIgniter->runController(Object(App\Controllers\BackupController))
 5 SYSTEMPATH\CodeIgniter.php(354): CodeIgniter\CodeIgniter->handleRequest(null, Object(Config\Cache), false)
 6 SYSTEMPATH\Boot.php(363): CodeIgniter\CodeIgniter->run()
 7 SYSTEMPATH\Boot.php(68): CodeIgniter\Boot::runCodeIgniter(Object(CodeIgniter\CodeIgniter))
 8 FCPATH\index.php(72): CodeIgniter\Boot::bootWeb(Object(Config\Paths))
 9 SYSTEMPATH\rewrite.php(44): require_once('C:\\laragon\\www\\Thesis\\2025\\ascot-inventory\\backend\\public\\index.php')
CRITICAL - 2025-10-22 22:20:14 --> CodeIgniter\Database\Exceptions\DatabaseException: Unsupported feature of the database platform you are using.
[Method: POST, Route: ascotinventory/api/v1/misc/database/backup]
in SYSTEMPATH\Database\MySQLi\Utils.php on line 45.
 1 SYSTEMPATH\Database\BaseUtils.php(315): CodeIgniter\Database\MySQLi\Utils->_backup([...])
 2 APPPATH\Controllers\BackupController.php(48): CodeIgniter\Database\BaseUtils->backup([...])
 3 SYSTEMPATH\CodeIgniter.php(933): App\Controllers\BackupController->backupDatabase()
 4 SYSTEMPATH\CodeIgniter.php(507): CodeIgniter\CodeIgniter->runController(Object(App\Controllers\BackupController))
 5 SYSTEMPATH\CodeIgniter.php(354): CodeIgniter\CodeIgniter->handleRequest(null, Object(Config\Cache), false)
 6 SYSTEMPATH\Boot.php(363): CodeIgniter\CodeIgniter->run()
 7 SYSTEMPATH\Boot.php(68): CodeIgniter\Boot::runCodeIgniter(Object(CodeIgniter\CodeIgniter))
 8 FCPATH\index.php(72): CodeIgniter\Boot::bootWeb(Object(Config\Paths))
 9 SYSTEMPATH\rewrite.php(44): require_once('C:\\laragon\\www\\Thesis\\2025\\ascot-inventory\\backend\\public\\index.php')
CRITICAL - 2025-10-22 22:23:37 --> Error: Call to undefined method CodeIgniter\Database\MySQLi\Connection::getUtility()
[Method: POST, Route: ascotinventory/api/v1/misc/database/backup]
in APPPATH\Controllers\BackupController.php on line 36.
 1 SYSTEMPATH\CodeIgniter.php(933): App\Controllers\BackupController->backupDatabase()
 2 SYSTEMPATH\CodeIgniter.php(507): CodeIgniter\CodeIgniter->runController(Object(App\Controllers\BackupController))
 3 SYSTEMPATH\CodeIgniter.php(354): CodeIgniter\CodeIgniter->handleRequest(null, Object(Config\Cache), false)
 4 SYSTEMPATH\Boot.php(363): CodeIgniter\CodeIgniter->run()
 5 SYSTEMPATH\Boot.php(68): CodeIgniter\Boot::runCodeIgniter(Object(CodeIgniter\CodeIgniter))
 6 FCPATH\index.php(72): CodeIgniter\Boot::bootWeb(Object(Config\Paths))
 7 SYSTEMPATH\rewrite.php(44): require_once('C:\\laragon\\www\\Thesis\\2025\\ascot-inventory\\backend\\public\\index.php')
CRITICAL - 2025-10-22 22:24:21 --> Error: Call to undefined method CodeIgniter\Database\MySQLi\Connection::getUtility()
[Method: POST, Route: ascotinventory/api/v1/misc/database/backup]
in APPPATH\Controllers\BackupController.php on line 36.
 1 SYSTEMPATH\CodeIgniter.php(933): App\Controllers\BackupController->backupDatabase()
 2 SYSTEMPATH\CodeIgniter.php(507): CodeIgniter\CodeIgniter->runController(Object(App\Controllers\BackupController))
 3 SYSTEMPATH\CodeIgniter.php(354): CodeIgniter\CodeIgniter->handleRequest(null, Object(Config\Cache), false)
 4 SYSTEMPATH\Boot.php(363): CodeIgniter\CodeIgniter->run()
 5 SYSTEMPATH\Boot.php(68): CodeIgniter\Boot::runCodeIgniter(Object(CodeIgniter\CodeIgniter))
 6 FCPATH\index.php(72): CodeIgniter\Boot::bootWeb(Object(Config\Paths))
 7 SYSTEMPATH\rewrite.php(44): require_once('C:\\laragon\\www\\Thesis\\2025\\ascot-inventory\\backend\\public\\index.php')
CRITICAL - 2025-10-22 22:40:54 --> Error: Call to undefined method CodeIgniter\Database\MySQLi\Connection::getUtility()
[Method: POST, Route: ascotinventory/api/v1/misc/database/backup]
in APPPATH\Controllers\BackupController.php on line 36.
 1 SYSTEMPATH\CodeIgniter.php(933): App\Controllers\BackupController->backupDatabase()
 2 SYSTEMPATH\CodeIgniter.php(507): CodeIgniter\CodeIgniter->runController(Object(App\Controllers\BackupController))
 3 SYSTEMPATH\CodeIgniter.php(354): CodeIgniter\CodeIgniter->handleRequest(null, Object(Config\Cache), false)
 4 SYSTEMPATH\Boot.php(363): CodeIgniter\CodeIgniter->run()
 5 SYSTEMPATH\Boot.php(68): CodeIgniter\Boot::runCodeIgniter(Object(CodeIgniter\CodeIgniter))
 6 FCPATH\index.php(72): CodeIgniter\Boot::bootWeb(Object(Config\Paths))
 7 SYSTEMPATH\rewrite.php(44): require_once('C:\\laragon\\www\\Thesis\\2025\\ascot-inventory\\backend\\public\\index.php')
CRITICAL - 2025-10-22 22:42:23 --> Error: Call to undefined method CodeIgniter\Database\MySQLi\Connection::getUtility()
[Method: POST, Route: ascotinventory/api/v1/misc/database/backup]
in APPPATH\Controllers\BackupController.php on line 36.
 1 SYSTEMPATH\CodeIgniter.php(933): App\Controllers\BackupController->backupDatabase()
 2 SYSTEMPATH\CodeIgniter.php(507): CodeIgniter\CodeIgniter->runController(Object(App\Controllers\BackupController))
 3 SYSTEMPATH\CodeIgniter.php(354): CodeIgniter\CodeIgniter->handleRequest(null, Object(Config\Cache), false)
 4 SYSTEMPATH\Boot.php(363): CodeIgniter\CodeIgniter->run()
 5 SYSTEMPATH\Boot.php(68): CodeIgniter\Boot::runCodeIgniter(Object(CodeIgniter\CodeIgniter))
 6 FCPATH\index.php(72): CodeIgniter\Boot::bootWeb(Object(Config\Paths))
 7 SYSTEMPATH\rewrite.php(44): require_once('C:\\laragon\\www\\Thesis\\2025\\ascot-inventory\\backend\\public\\index.php')
CRITICAL - 2025-10-22 22:42:39 --> CodeIgniter\Database\Exceptions\DatabaseException: Unsupported feature of the database platform you are using.
[Method: POST, Route: ascotinventory/api/v1/misc/database/backup]
in SYSTEMPATH\Database\MySQLi\Utils.php on line 45.
 1 SYSTEMPATH\Database\BaseUtils.php(315): CodeIgniter\Database\MySQLi\Utils->_backup([...])
 2 APPPATH\Controllers\BackupController.php(48): CodeIgniter\Database\BaseUtils->backup([...])
 3 SYSTEMPATH\CodeIgniter.php(933): App\Controllers\BackupController->backupDatabase()
 4 SYSTEMPATH\CodeIgniter.php(507): CodeIgniter\CodeIgniter->runController(Object(App\Controllers\BackupController))
 5 SYSTEMPATH\CodeIgniter.php(354): CodeIgniter\CodeIgniter->handleRequest(null, Object(Config\Cache), false)
 6 SYSTEMPATH\Boot.php(363): CodeIgniter\CodeIgniter->run()
 7 SYSTEMPATH\Boot.php(68): CodeIgniter\Boot::runCodeIgniter(Object(CodeIgniter\CodeIgniter))
 8 FCPATH\index.php(72): CodeIgniter\Boot::bootWeb(Object(Config\Paths))
 9 SYSTEMPATH\rewrite.php(44): require_once('C:\\laragon\\www\\Thesis\\2025\\ascot-inventory\\backend\\public\\index.php')
CRITICAL - 2025-10-22 22:47:53 --> CodeIgniter\Database\Exceptions\DatabaseException: Unsupported feature of the database platform you are using.
[Method: POST, Route: ascotinventory/api/v1/misc/database/backup]
in SYSTEMPATH\Database\MySQLi\Utils.php on line 45.
 1 SYSTEMPATH\Database\BaseUtils.php(315): CodeIgniter\Database\MySQLi\Utils->_backup([...])
 2 APPPATH\Controllers\BackupController.php(48): CodeIgniter\Database\BaseUtils->backup([...])
 3 SYSTEMPATH\CodeIgniter.php(933): App\Controllers\BackupController->backupDatabase()
 4 SYSTEMPATH\CodeIgniter.php(507): CodeIgniter\CodeIgniter->runController(Object(App\Controllers\BackupController))
 5 SYSTEMPATH\CodeIgniter.php(354): CodeIgniter\CodeIgniter->handleRequest(null, Object(Config\Cache), false)
 6 SYSTEMPATH\Boot.php(363): CodeIgniter\CodeIgniter->run()
 7 SYSTEMPATH\Boot.php(68): CodeIgniter\Boot::runCodeIgniter(Object(CodeIgniter\CodeIgniter))
 8 FCPATH\index.php(72): CodeIgniter\Boot::bootWeb(Object(Config\Paths))
 9 SYSTEMPATH\rewrite.php(44): require_once('C:\\laragon\\www\\Thesis\\2025\\ascot-inventory\\backend\\public\\index.php')
CRITICAL - 2025-10-22 22:49:52 --> CodeIgniter\Database\Exceptions\DatabaseException: Unsupported feature of the database platform you are using.
[Method: POST, Route: ascotinventory/api/v1/misc/database/backup]
in SYSTEMPATH\Database\MySQLi\Utils.php on line 45.
 1 SYSTEMPATH\Database\BaseUtils.php(315): CodeIgniter\Database\MySQLi\Utils->_backup([...])
 2 APPPATH\Controllers\BackupController.php(48): CodeIgniter\Database\BaseUtils->backup([...])
 3 SYSTEMPATH\CodeIgniter.php(933): App\Controllers\BackupController->backupDatabase()
 4 SYSTEMPATH\CodeIgniter.php(507): CodeIgniter\CodeIgniter->runController(Object(App\Controllers\BackupController))
 5 SYSTEMPATH\CodeIgniter.php(354): CodeIgniter\CodeIgniter->handleRequest(null, Object(Config\Cache), false)
 6 SYSTEMPATH\Boot.php(363): CodeIgniter\CodeIgniter->run()
 7 SYSTEMPATH\Boot.php(68): CodeIgniter\Boot::runCodeIgniter(Object(CodeIgniter\CodeIgniter))
 8 FCPATH\index.php(72): CodeIgniter\Boot::bootWeb(Object(Config\Paths))
 9 SYSTEMPATH\rewrite.php(44): require_once('C:\\laragon\\www\\Thesis\\2025\\ascot-inventory\\backend\\public\\index.php')
CRITICAL - 2025-10-22 22:49:58 --> CodeIgniter\Database\Exceptions\DatabaseException: Unsupported feature of the database platform you are using.
[Method: POST, Route: ascotinventory/api/v1/misc/database/backup]
in SYSTEMPATH\Database\MySQLi\Utils.php on line 45.
 1 SYSTEMPATH\Database\BaseUtils.php(315): CodeIgniter\Database\MySQLi\Utils->_backup([...])
 2 APPPATH\Controllers\BackupController.php(48): CodeIgniter\Database\BaseUtils->backup([...])
 3 SYSTEMPATH\CodeIgniter.php(933): App\Controllers\BackupController->backupDatabase()
 4 SYSTEMPATH\CodeIgniter.php(507): CodeIgniter\CodeIgniter->runController(Object(App\Controllers\BackupController))
 5 SYSTEMPATH\CodeIgniter.php(354): CodeIgniter\CodeIgniter->handleRequest(null, Object(Config\Cache), false)
 6 SYSTEMPATH\Boot.php(363): CodeIgniter\CodeIgniter->run()
 7 SYSTEMPATH\Boot.php(68): CodeIgniter\Boot::runCodeIgniter(Object(CodeIgniter\CodeIgniter))
 8 FCPATH\index.php(72): CodeIgniter\Boot::bootWeb(Object(Config\Paths))
 9 SYSTEMPATH\rewrite.php(44): require_once('C:\\laragon\\www\\Thesis\\2025\\ascot-inventory\\backend\\public\\index.php')
CRITICAL - 2025-10-22 22:53:55 --> CodeIgniter\Database\Exceptions\DatabaseException: Unsupported feature of the database platform you are using.
[Method: POST, Route: ascotinventory/api/v1/misc/database/backup]
in SYSTEMPATH\Database\MySQLi\Utils.php on line 45.
 1 SYSTEMPATH\Database\BaseUtils.php(315): CodeIgniter\Database\MySQLi\Utils->_backup([...])
 2 APPPATH\Controllers\BackupController.php(48): CodeIgniter\Database\BaseUtils->backup([...])
 3 SYSTEMPATH\CodeIgniter.php(933): App\Controllers\BackupController->backupDatabase()
 4 SYSTEMPATH\CodeIgniter.php(507): CodeIgniter\CodeIgniter->runController(Object(App\Controllers\BackupController))
 5 SYSTEMPATH\CodeIgniter.php(354): CodeIgniter\CodeIgniter->handleRequest(null, Object(Config\Cache), false)
 6 SYSTEMPATH\Boot.php(363): CodeIgniter\CodeIgniter->run()
 7 SYSTEMPATH\Boot.php(68): CodeIgniter\Boot::runCodeIgniter(Object(CodeIgniter\CodeIgniter))
 8 FCPATH\index.php(72): CodeIgniter\Boot::bootWeb(Object(Config\Paths))
 9 SYSTEMPATH\rewrite.php(44): require_once('C:\\laragon\\www\\Thesis\\2025\\ascot-inventory\\backend\\public\\index.php')
CRITICAL - 2025-10-22 22:56:22 --> CodeIgniter\Database\Exceptions\DatabaseException: Unsupported feature of the database platform you are using.
[Method: POST, Route: ascotinventory/api/v1/misc/database/backup]
in SYSTEMPATH\Database\MySQLi\Utils.php on line 45.
 1 SYSTEMPATH\Database\BaseUtils.php(315): CodeIgniter\Database\MySQLi\Utils->_backup([...])
 2 APPPATH\Controllers\BackupController.php(49): CodeIgniter\Database\BaseUtils->backup([...])
 3 SYSTEMPATH\CodeIgniter.php(933): App\Controllers\BackupController->backupDatabase()
 4 SYSTEMPATH\CodeIgniter.php(507): CodeIgniter\CodeIgniter->runController(Object(App\Controllers\BackupController))
 5 SYSTEMPATH\CodeIgniter.php(354): CodeIgniter\CodeIgniter->handleRequest(null, Object(Config\Cache), false)
 6 SYSTEMPATH\Boot.php(363): CodeIgniter\CodeIgniter->run()
 7 SYSTEMPATH\Boot.php(68): CodeIgniter\Boot::runCodeIgniter(Object(CodeIgniter\CodeIgniter))
 8 FCPATH\index.php(72): CodeIgniter\Boot::bootWeb(Object(Config\Paths))
 9 SYSTEMPATH\rewrite.php(44): require_once('C:\\laragon\\www\\Thesis\\2025\\ascot-inventory\\backend\\public\\index.php')
CRITICAL - 2025-10-22 22:58:56 --> Error: Call to undefined method CodeIgniter\Database\MySQLi\Connection::getUtility()
[Method: POST, Route: ascotinventory/api/v1/misc/database/backup]
in APPPATH\Controllers\BackupController.php on line 41.
 1 SYSTEMPATH\CodeIgniter.php(933): App\Controllers\BackupController->backupDatabase()
 2 SYSTEMPATH\CodeIgniter.php(507): CodeIgniter\CodeIgniter->runController(Object(App\Controllers\BackupController))
 3 SYSTEMPATH\CodeIgniter.php(354): CodeIgniter\CodeIgniter->handleRequest(null, Object(Config\Cache), false)
 4 SYSTEMPATH\Boot.php(363): CodeIgniter\CodeIgniter->run()
 5 SYSTEMPATH\Boot.php(68): CodeIgniter\Boot::runCodeIgniter(Object(CodeIgniter\CodeIgniter))
 6 FCPATH\index.php(72): CodeIgniter\Boot::bootWeb(Object(Config\Paths))
 7 SYSTEMPATH\rewrite.php(44): require_once('C:\\laragon\\www\\Thesis\\2025\\ascot-inventory\\backend\\public\\index.php')
CRITICAL - 2025-10-22 23:01:58 --> CodeIgniter\Database\Exceptions\DatabaseException: Unsupported feature of the database platform you are using.
[Method: POST, Route: ascotinventory/api/v1/misc/database/backup]
in SYSTEMPATH\Database\MySQLi\Utils.php on line 45.
 1 SYSTEMPATH\Database\BaseUtils.php(315): CodeIgniter\Database\MySQLi\Utils->_backup([...])
 2 APPPATH\Controllers\BackupController.php(55): CodeIgniter\Database\BaseUtils->backup([...])
 3 SYSTEMPATH\CodeIgniter.php(933): App\Controllers\BackupController->backupDatabase()
 4 SYSTEMPATH\CodeIgniter.php(507): CodeIgniter\CodeIgniter->runController(Object(App\Controllers\BackupController))
 5 SYSTEMPATH\CodeIgniter.php(354): CodeIgniter\CodeIgniter->handleRequest(null, Object(Config\Cache), false)
 6 SYSTEMPATH\Boot.php(363): CodeIgniter\CodeIgniter->run()
 7 SYSTEMPATH\Boot.php(68): CodeIgniter\Boot::runCodeIgniter(Object(CodeIgniter\CodeIgniter))
 8 FCPATH\index.php(72): CodeIgniter\Boot::bootWeb(Object(Config\Paths))
 9 SYSTEMPATH\rewrite.php(44): require_once('C:\\laragon\\www\\Thesis\\2025\\ascot-inventory\\backend\\public\\index.php')
CRITICAL - 2025-10-22 23:04:13 --> CodeIgniter\Database\Exceptions\DatabaseException: Unsupported feature of the database platform you are using.
[Method: POST, Route: ascotinventory/api/v1/misc/database/backup]
in SYSTEMPATH\Database\MySQLi\Utils.php on line 45.
 1 SYSTEMPATH\Database\BaseUtils.php(315): CodeIgniter\Database\MySQLi\Utils->_backup([...])
 2 APPPATH\Controllers\BackupController.php(56): CodeIgniter\Database\BaseUtils->backup([...])
 3 SYSTEMPATH\CodeIgniter.php(933): App\Controllers\BackupController->backupDatabase()
 4 SYSTEMPATH\CodeIgniter.php(507): CodeIgniter\CodeIgniter->runController(Object(App\Controllers\BackupController))
 5 SYSTEMPATH\CodeIgniter.php(354): CodeIgniter\CodeIgniter->handleRequest(null, Object(Config\Cache), false)
 6 SYSTEMPATH\Boot.php(363): CodeIgniter\CodeIgniter->run()
 7 SYSTEMPATH\Boot.php(68): CodeIgniter\Boot::runCodeIgniter(Object(CodeIgniter\CodeIgniter))
 8 FCPATH\index.php(72): CodeIgniter\Boot::bootWeb(Object(Config\Paths))
 9 SYSTEMPATH\rewrite.php(44): require_once('C:\\laragon\\www\\Thesis\\2025\\ascot-inventory\\backend\\public\\index.php')
